<?xml version="1.0" encoding="UTF-8"?>
<testsuite name="test.java.calcCostTest" tests="11" skipped="0" failures="0" errors="0" timestamp="2020-04-08T03:50:30" hostname="DESKTOP-KICOH3K" time="0.005">
  <properties/>
  <testcase name="calcProduce1" classname="test.java.calcCostTest" time="0.002"/>
  <testcase name="calcProduce2" classname="test.java.calcCostTest" time="0.0"/>
  <testcase name="calcProduce3" classname="test.java.calcCostTest" time="0.0"/>
  <testcase name="calcProduce4" classname="test.java.calcCostTest" time="0.0"/>
  <testcase name="calcFrozenAlc1" classname="test.java.calcCostTest" time="0.0"/>
  <testcase name="calcFrozenAlc2" classname="test.java.calcCostTest" time="0.0"/>
  <testcase name="calcFrozenAlc3" classname="test.java.calcCostTest" time="0.0"/>
  <testcase name="calcFrozenAlc4" classname="test.java.calcCostTest" time="0.0"/>
  <testcase name="AlcoholAge1" classname="test.java.calcCostTest" time="0.0"/>
  <testcase name="AlcoholAge2" classname="test.java.calcCostTest" time="0.0"/>
  <testcase name="AlcoholAge3" classname="test.java.calcCostTest" time="0.001"/>
  <system-out><![CDATA[]]></system-out>
  <system-err><![CDATA[]]></system-err>
</testsuite>
