<?xml version="1.0" encoding="UTF-8"?>
<testsuite name="cartTest" tests="11" skipped="0" failures="0" errors="0" timestamp="2020-05-03T04:14:10" hostname="DESKTOP-KICOH3K" time="0.004">
  <properties/>
  <testcase name="DairySavings" classname="cartTest" time="0.002"/>
  <testcase name="emptyCart" classname="cartTest" time="0.0"/>
  <testcase name="remove" classname="cartTest" time="0.0"/>
  <testcase name="FrozenFoodSavings" classname="cartTest" time="0.0"/>
  <testcase name="taxCheck" classname="cartTest" time="0.0"/>
  <testcase name="AlcandFrozenSavings" classname="cartTest" time="0.0"/>
  <testcase name="produceCalcCost" classname="cartTest" time="0.0"/>
  <testcase name="fullCart" classname="cartTest" time="0.0"/>
  <testcase name="produceSavings" classname="cartTest" time="0.0"/>
  <testcase name="AlcoholAge" classname="cartTest" time="0.0"/>
  <testcase name="AlcoholAge2" classname="cartTest" time="0.0"/>
  <system-out><![CDATA[]]></system-out>
  <system-err><![CDATA[]]></system-err>
</testsuite>
