<?xml version="1.0" encoding="UTF-8"?>
<testsuite name="test.java.WhiteBoxGiven" tests="1" skipped="0" failures="0" errors="0" timestamp="2020-03-29T23:17:18" hostname="DESKTOP-KICOH3K" time="0.004">
  <properties/>
  <testcase name="getTax" classname="test.java.WhiteBoxGiven" time="0.004"/>
  <system-out><![CDATA[]]></system-out>
  <system-err><![CDATA[]]></system-err>
</testsuite>
